0 info it worked if it ends with ok
1 verbose cli [ '/usr/local/bin/node',
1 verbose cli   '/usr/local/bin/npm',
1 verbose cli   'install',
1 verbose cli   '-g',
1 verbose cli   'ios-sim' ]
2 info using npm@1.4.8
3 info using node@v0.10.27
4 verbose cache add [ 'ios-sim', null ]
5 verbose cache add name=undefined spec="ios-sim" args=["ios-sim",null]
6 verbose parsed url { protocol: null,
6 verbose parsed url   slashes: null,
6 verbose parsed url   auth: null,
6 verbose parsed url   host: null,
6 verbose parsed url   port: null,
6 verbose parsed url   hostname: null,
6 verbose parsed url   hash: null,
6 verbose parsed url   search: null,
6 verbose parsed url   query: null,
6 verbose parsed url   pathname: 'ios-sim',
6 verbose parsed url   path: 'ios-sim',
6 verbose parsed url   href: 'ios-sim' }
7 silly lockFile 6af69284-ios-sim ios-sim
8 verbose lock ios-sim /Users/jackmcdevitt/.npm/6af69284-ios-sim.lock
9 silly lockFile 6af69284-ios-sim ios-sim
10 silly lockFile 6af69284-ios-sim ios-sim
11 verbose addNamed [ 'ios-sim', '' ]
12 verbose addNamed [ null, '*' ]
13 silly lockFile 03dce7cc-ios-sim ios-sim@
14 verbose lock ios-sim@ /Users/jackmcdevitt/.npm/03dce7cc-ios-sim.lock
15 silly addNameRange { name: 'ios-sim', range: '*', hasData: false }
16 verbose url raw ios-sim
17 verbose url resolving [ 'https://registry.npmjs.org/', './ios-sim' ]
18 verbose url resolved https://registry.npmjs.org/ios-sim
19 info trying registry request attempt 1 at 11:00:01
20 verbose etag "1H76UOC6W9Z8XWWIXSB6N1P9A"
21 http GET https://registry.npmjs.org/ios-sim
22 http 304 https://registry.npmjs.org/ios-sim
23 silly registry.get cb [ 304,
23 silly registry.get   { date: 'Thu, 18 Jun 2015 17:59:53 GMT',
23 silly registry.get     via: '1.1 varnish',
23 silly registry.get     'cache-control': 'max-age=60',
23 silly registry.get     etag: '"1H76UOC6W9Z8XWWIXSB6N1P9A"',
23 silly registry.get     age: '39',
23 silly registry.get     connection: 'keep-alive',
23 silly registry.get     'x-served-by': 'cache-sjc3122-SJC',
23 silly registry.get     'x-cache': 'HIT',
23 silly registry.get     'x-cache-hits': '1',
23 silly registry.get     'x-timer': 'S1434650393.980159,VS0,VE0',
23 silly registry.get     vary: 'Accept' } ]
24 verbose etag ios-sim from cache
25 silly addNameRange number 2 { name: 'ios-sim', range: '*', hasData: true }
26 silly addNameRange versions [ 'ios-sim',
26 silly addNameRange   [ '1.8.0',
26 silly addNameRange     '1.8.1',
26 silly addNameRange     '1.8.2',
26 silly addNameRange     '1.9.0',
26 silly addNameRange     '2.0.0',
26 silly addNameRange     '2.0.1',
26 silly addNameRange     '3.0.0',
26 silly addNameRange     '3.1.0',
26 silly addNameRange     '3.1.1',
26 silly addNameRange     '4.1.0' ] ]
27 verbose addNamed [ 'ios-sim', '3.1.1' ]
28 verbose addNamed [ '3.1.1', '3.1.1' ]
29 silly lockFile 022ac800-ios-sim-3-1-1 ios-sim@3.1.1
30 verbose lock ios-sim@3.1.1 /Users/jackmcdevitt/.npm/022ac800-ios-sim-3-1-1.lock
31 silly lockFile 022ac800-ios-sim-3-1-1 ios-sim@3.1.1
32 silly lockFile 022ac800-ios-sim-3-1-1 ios-sim@3.1.1
33 silly lockFile 03dce7cc-ios-sim ios-sim@
34 silly lockFile 03dce7cc-ios-sim ios-sim@
35 silly resolved [ { name: 'ios-sim',
35 silly resolved     version: '3.1.1',
35 silly resolved     description: 'launch iOS apps into the iOS Simulator from the command line (Xcode 6.0)',
35 silly resolved     main: 'ios-sim',
35 silly resolved     scripts: { preinstall: 'rake build' },
35 silly resolved     bin: { 'ios-sim': 'build/Release/ios-sim' },
35 silly resolved     repository: { type: 'git', url: 'https://github.com/phonegap/ios-sim' },
35 silly resolved     keywords: [ 'ios-sim', 'iOS Simulator' ],
35 silly resolved     author: { name: 'Landon Fuller, Jeff Haynie, Eloy Duran, Shazron Abdullah' },
35 silly resolved     license: 'MIT',
35 silly resolved     readme: 'ios-sim\n=======\n\nSupports Xcode 6 only since version 3.x.\n\nThe ios-sim tool is a command-line utility that launches an iOS application on\nthe iOS Simulator. This allows for niceties such as automated testing without\nhaving to open Xcode.\n\nFeatures\n--------\n\n* Choose the device family to simulate, i.e. iPhone or iPad. Run using "showdevicetypes" option to see available device types, and pass it in as the "devicetypeid" parameter.\n* Setup environment variables.\n* Pass arguments to the application.\n* See the stdout and stderr, or redirect them to files.\n\nSee the `--help` option for more info.\n\nUsage\n-----\n\n```\nUsage: ios-sim <command> <options> [--args ...]\n\nCommands:\n  showsdks                        List the available iOS SDK versions\n  showdevicetypes                 List the available device types (Xcode6+)\n  launch <application path>       Launch the application at the specified path on the iOS Simulator\n  start                           Launch iOS Simulator without an app\n\nOptions:\n  --version                       Print the version of ios-sim\n  --help                          Show this help text\n  --verbose                       Set the output level to verbose\n  --exit                          Exit after startup\n  --debug                         Attach LLDB to the application on startup\n  --use-gdb                       Use GDB instead of LLDB. (Requires --debug)\n  --uuid <uuid>                   A UUID identifying the session (is that correct?)\n  --env <environment file path>   A plist file containing environment key-value pairs that should be set\n  --setenv NAME=VALUE             Set an environment variable\n  --stdout <stdout file path>     The path where stdout of the simulator will be redirected to (defaults to stdout of ios-sim)\n  --stderr <stderr file path>     The path where stderr of the simulator will be redirected to (defaults to stderr of ios-sim)\n  --timeout <seconds>             The timeout time to wait for a response from the Simulator. Default value: 30 seconds\n  --args <...>                    All following arguments will be passed on to the application\n  --devicetypeid <device type>    The id of the device type that should be simulated (Xcode6+). Use \'showdevicetypes\' to list devices.\n                                  e.g "com.apple.CoreSimulator.SimDeviceType.Resizable-iPhone6, 8.0"\nDEPRECATED in 3.x, use devicetypeid instead:\n  --sdk <sdkversion>              The iOS SDK version to run the application on (defaults to the latest)\n  --family <device family>        The device type that should be simulated (defaults to `iphone\')\n  --retina                        Start a retina device\n  --tall                          In combination with --retina flag, start the tall version of the retina device (e.g. iPhone 5 (4-inch))\n  --64bit                         In combination with --retina flag and the --tall flag, start the 64bit version of the tall retina device (e.g. iPhone 5S (4-inch 64bit))\n```\n\nInstallation\n------------\n\nWith node.js (at least 0.10.20):\n\n    $ npm install ios-sim -g\n\nDownload an archive:\n\n    $ curl -L https://github.com/phonegap/ios-sim/zipball/3.1.1 -o ios-sim-3.1.1.zip\n    $ unzip ios-sim-3.1.1.zip\n\nOr from a git clone:\n\n    $ git clone git://github.com/phonegap/ios-sim.git\n\nThen build and install from the source root:\n\n    $ rake install prefix=/usr/local/\n\nTroubleshooting\n------------\n\nMake sure you enable Developer Mode on your machine:\n    \n    $ DevToolsSecurity -enable\n\nMake sure multiple instances of launchd_sim are not running:\n    \n    $ killall launchd_sim\n    \nDevelopment\n-----------\n\nWhen you want to release a version, do:\n\n    $ rake version:bump v=NEW_VERSION\n    $ rake release\n    $ npm version NEW_VERSION -m "Updated to npm version %s"\n    \ntmux\n-----\n\nTo get ios-sim to launch correctly within tmux use the reattach-to-user-namespace wrapper.\n\n```\nreattach-to-user-namespace ios-sim launch ./build/MyTestApp.app\n```\n*source:* https://github.com/ChrisJohnsen/tmux-MacOSX-pasteboard\n\n*brew:*  ```brew install reattach-to-user-namespace```\n\nLicense\n-------\n\nOriginal author: Landon Fuller <landonf@plausiblelabs.com>\nCopyright (c) 2008-2011 Plausible Labs Cooperative, Inc.\nAll rights reserved.\n\nThis project is available under the MIT license. See [LICENSE][license].\n\n[license]: https://github.com/phonegap/ios-sim/blob/master/LICENSE\n',
35 silly resolved     readmeFilename: 'README.md',
35 silly resolved     bugs: { url: 'https://github.com/phonegap/ios-sim/issues' },
35 silly resolved     homepage: 'https://github.com/phonegap/ios-sim',
35 silly resolved     _id: 'ios-sim@3.1.1',
35 silly resolved     _shasum: '1129c3fda31b917ef656b8c53fd276392b51c6e8',
35 silly resolved     _from: 'ios-sim@',
35 silly resolved     _resolved: 'https://registry.npmjs.org/ios-sim/-/ios-sim-3.1.1.tgz' } ]
36 info install ios-sim@3.1.1 into /usr/local/lib
37 info installOne ios-sim@3.1.1
38 info /usr/local/lib/node_modules/ios-sim unbuild
39 verbose tar unpack /Users/jackmcdevitt/.npm/ios-sim/3.1.1/package.tgz
40 silly lockFile 5027580f-r-local-lib-node-modules-ios-sim tar:///usr/local/lib/node_modules/ios-sim
41 verbose lock tar:///usr/local/lib/node_modules/ios-sim /Users/jackmcdevitt/.npm/5027580f-r-local-lib-node-modules-ios-sim.lock
42 silly lockFile 9100aa02-tt-npm-ios-sim-3-1-1-package-tgz tar:///Users/jackmcdevitt/.npm/ios-sim/3.1.1/package.tgz
43 verbose lock tar:///Users/jackmcdevitt/.npm/ios-sim/3.1.1/package.tgz /Users/jackmcdevitt/.npm/9100aa02-tt-npm-ios-sim-3-1-1-package-tgz.lock
44 silly gunzTarPerm modes [ '755', '644' ]
45 silly gunzTarPerm extractEntry package.json
46 silly gunzTarPerm extractEntry .npmignore
47 silly gunzTarPerm extractEntry README.md
48 silly gunzTarPerm extractEntry LICENSE
49 silly gunzTarPerm extractEntry resources/buildbox/build.sh
50 silly gunzTarPerm extractEntry CoreSimulator/CoreSimulator.h
51 silly gunzTarPerm extractEntry CONTRIBUTING.md
52 silly gunzTarPerm extractEntry Rakefile
53 silly gunzTarPerm extractEntry Source/.npmignore
54 silly gunzTarPerm extractEntry Source/NSString+expandPath.h
55 silly gunzTarPerm extractEntry Source/NSString+expandPath.m
56 silly gunzTarPerm extractEntry Source/iPhoneSimulator.h
57 silly gunzTarPerm extractEntry Source/iPhoneSimulator.m
58 silly gunzTarPerm extractEntry Source/main.m
59 silly gunzTarPerm extractEntry Source/nsprintf.h
60 silly gunzTarPerm extractEntry Source/nsprintf.m
61 silly gunzTarPerm extractEntry Source/version.h
62 silly gunzTarPerm extractEntry ios-sim.xcodeproj/.npmignore
63 silly gunzTarPerm extractEntry ios-sim.xcodeproj/project.pbxproj
64 silly gunzTarPerm extractEntry ios-sim.xcodeproj/xcshareddata/xcschemes/ios-sim.xcscheme
65 silly gunzTarPerm extractEntry ios-sim_Prefix.pch
66 silly gunzTarPerm extractEntry DVTiPhoneSimulatorRemoteClient/DVTiPhoneSimulatorRemoteClient.h
67 silly gunzTarPerm extractEntry README.template.md
68 silly lockFile 5027580f-r-local-lib-node-modules-ios-sim tar:///usr/local/lib/node_modules/ios-sim
69 silly lockFile 5027580f-r-local-lib-node-modules-ios-sim tar:///usr/local/lib/node_modules/ios-sim
70 silly lockFile 9100aa02-tt-npm-ios-sim-3-1-1-package-tgz tar:///Users/jackmcdevitt/.npm/ios-sim/3.1.1/package.tgz
71 silly lockFile 9100aa02-tt-npm-ios-sim-3-1-1-package-tgz tar:///Users/jackmcdevitt/.npm/ios-sim/3.1.1/package.tgz
72 info preinstall ios-sim@3.1.1
73 verbose unsafe-perm in lifecycle false
74 info ios-sim@3.1.1 Failed to exec preinstall script
75 info /usr/local/lib/node_modules/ios-sim unbuild
76 info preuninstall ios-sim@3.1.1
77 info uninstall ios-sim@3.1.1
78 verbose true,/usr/local/lib/node_modules,/usr/local/lib/node_modules unbuild ios-sim@3.1.1
79 verbose /usr/local/bin,[object Object] binRoot
80 info postuninstall ios-sim@3.1.1
81 error ios-sim@3.1.1 preinstall: `rake build`
81 error Exit status 1
82 error Failed at the ios-sim@3.1.1 preinstall script.
82 error This is most likely a problem with the ios-sim package,
82 error not with npm itself.
82 error Tell the author that this fails on your system:
82 error     rake build
82 error You can get their info via:
82 error     npm owner ls ios-sim
82 error There is likely additional logging output above.
83 error System Darwin 11.4.2
84 error command "/usr/local/bin/node" "/usr/local/bin/npm" "install" "-g" "ios-sim"
85 error cwd /Users/jackmcdevitt/Dive/Dive
86 error node -v v0.10.27
87 error npm -v 1.4.8
88 error code ELIFECYCLE
89 verbose exit [ 1, true ]
